<?xml version="1.0" encoding="UTF-8"?>
<!-- Generated by org.testng.reporters.JUnitReportReporter -->
<testsuite hostname="P2CLAP-1BGFVM" failures="0" tests="4" name="demoProject.APITest" time="6.362" errors="0" timestamp="2023-04-13T18:10:33 IST" skipped="0">
  <testcase classname="demoProject.APITest" name="verifyAPI" time="3.557"/>
  <system-out/>
  <testcase classname="demoProject.APITest" name="verifyPUTAPI" time="1.972"/>
  <system-out/>
  <testcase classname="demoProject.APITest" name="verifyDeleteAPI" time="0.395"/>
  <system-out/>
  <testcase classname="demoProject.APITest" name="verifyPOSTAPI" time="0.438"/>
  <system-out/>
</testsuite> <!-- demoProject.APITest -->
