<?xml version="1.0" encoding="UTF-8"?>
<!-- Generated by org.testng.reporters.JUnitReportReporter -->
<testsuite hostname="P2CLAP-1BGFVM" failures="0" tests="3" name="demoProject.APITest" time="4.251" errors="0" timestamp="2023-04-13T17:27:10 IST" skipped="0">
  <testcase classname="demoProject.APITest" name="verifyAPI" time="3.351"/>
  <system-out/>
  <testcase classname="demoProject.APITest" name="verifyPUTAPI" time="0.421"/>
  <system-out/>
  <testcase classname="demoProject.APITest" name="verifyPOSTAPI" time="0.479"/>
  <system-out/>
</testsuite> <!-- demoProject.APITest -->
