<?xml version="1.0" encoding="UTF-8"?>
<!-- Generated by org.testng.reporters.JUnitReportReporter -->
<testsuite hostname="P2CLAP-1BGFVM" failures="0" tests="1" name="demoProject.UITest" time="43.495" errors="0" timestamp="2023-04-12T18:20:33 IST" skipped="0">
  <testcase classname="demoProject.UITest" name="checkProductName" time="43.495"/>
  <system-out/>
</testsuite> <!-- demoProject.UITest -->
